1000
0	1500	3750	65	71	77	241	299	369	565	568	626	644	655	776	785	866	965	
1	1244.06	4982.91	5	32	42	123	159	225	230	274	288	342	383	421	422	476	486	490	619	755	767	925	956	991	
2	1207.71	4065.29	56	77	124	299	450	452	503	757	776	827	942	989	
3	341.227	5787.91	116	170	229	233	441	501	547	555	727	846	955	994	
4	446.15	406.278	102	110	119	178	187	189	208	319	432	494	511	670	697	760	765	789	793	845	918	
5	1380.93	5090.49	1	32	42	123	159	274	288	320	342	383	412	421	422	476	486	582	599	755	811	869	913	925	991	
6	2401.41	2565.16	29	79	93	133	169	191	338	377	513	526	661	747	870	899	917	921	937	970	
7	2350.87	3001.42	11	79	93	117	121	133	220	285	343	438	468	513	522	638	795	886	905	912	917	921	931	
8	2418.35	619.602	64	80	120	179	209	218	236	265	317	329	425	459	564	629	717	774	819	835	
9	1459.94	6936.25	219	278	481	510	518	625	632	662	682	773	841	986	
10	318.796	1753.52	39	330	517	523	559	743	754	920	
11	2569.41	3072.6	7	79	93	117	121	133	166	259	275	285	420	438	468	522	795	867	886	905	912	917	
12	2026.67	258.644	151	186	215	454	577	694	788	815	835	840	871	996	
13	565.813	3234.89	67	106	173	184	207	234	346	478	601	745	914	969	972	
14	2682.58	3857.92	58	214	570	667	708	736	822	873	896	
15	1148.11	6185.49	81	109	118	131	135	143	280	295	528	529	561	562	615	652	669	821	852	938	993	
16	468.032	2212.44	37	160	304	411	449	556	687	735	754	887	
17	1993.53	1061.36	57	60	130	162	248	255	364	366	371	447	731	800	825	966	
18	1858.03	7221.21	273	278	303	416	423	430	659	805	878	952	
19	1774.71	1938.23	26	35	68	257	263	514	544	579	672	692	746	794	
20	1517.99	5968.96	149	210	216	280	293	482	519	528	535	538	607	657	669	706	752	848	849	875	935	943	
21	2994.42	1255.46	74	144	251	316	394	495	533	883	979	
22	2568.5	939.817	60	74	144	251	262	317	329	334	425	459	564	629	725	774	957	
23	107.028	3590.81	137	192	222	246	256	375	744	792	799	809	856	929	
24	432.325	846.66	267	310	319	325	464	539	664	710	865	975	
25	2897.27	5012.44	203	291	384	650	684	753	784	906	927	
26	1984.92	1691.95	19	35	54	68	128	193	277	672	679	692	699	746	786	794	837	
27	2581.59	4500.18	40	83	177	240	318	390	410	492	630	683	722	820	829	884	927	995	
28	225.684	1416.59	39	82	95	174	204	267	296	527	559	586	590	656	743	868	920	
29	2604.66	2663.12	6	79	93	115	133	191	338	377	438	468	469	480	525	709	870	917	921	
30	190.619	5248.42	75	155	229	253	359	408	547	678	702	901	
31	596.942	6743.98	36	48	105	122	197	231	276	283	396	429	471	473	521	543	647	654	660	685	715	762	817	843	958	
32	1322.89	5106.97	1	5	42	123	159	274	288	320	342	383	412	421	476	486	490	599	755	811	869	913	925	956	991	
33	1463.7	4640.72	42	66	123	249	270	342	368	422	475	572	582	619	628	728	755	826	894	940	
34	2021.45	2675.25	114	152	220	232	324	513	526	560	695	
35	2072.91	1930.68	19	26	68	514	621	676	679	680	692	699	746	794	832	837	997	
36	586.505	6999.88	31	48	105	197	276	345	350	396	429	471	473	521	543	631	647	660	685	689	698	734	762	817	910	958	
37	512.436	2134.62	16	160	304	411	449	556	687	735	754	858	887	973	
38	1279.95	1222.95	91	99	260	298	451	536	551	639	857	923	933	960	
39	383.618	1698.13	10	28	82	145	330	517	559	743	754	858	907	920	
40	2719.66	4313.87	27	177	238	240	284	318	390	410	488	492	624	630	722	810	820	829	995	
41	100.803	7433.39	46	89	176	205	344	433	686	734	928	953	
42	1326.27	4901.65	1	5	32	33	123	159	225	230	270	274	288	342	383	421	422	486	582	619	755	894	925	991	
43	666.158	5398.34	63	116	374	387	408	505	531	595	610	702	707	742	864	901	954	
44	2042.6	5573.21	62	76	96	126	138	202	223	244	485	558	778	962	990	
45	886.715	1452.07	99	282	385	563	608	641	651	729	771	831	857	998	
46	41.8409	7244.56	41	55	89	176	205	344	350	433	686	734	953	
47	1504.44	2470.4	142	247	348	397	465	540	560	602	645	720	904	959	985	
48	645.924	6964.63	31	36	105	197	231	276	345	396	429	471	473	521	537	543	631	660	698	762	817	843	910	958	
49	2206.95	5951.57	62	96	97	202	211	223	245	485	550	779	801	842	879	900	982	990	
50	2170.42	3760.19	129	190	200	214	302	376	402	502	530	593	620	667	838	854	909	
51	987.518	2002.78	157	221	272	392	509	524	712	804	882	973	981	998	
52	2917.23	3383.89	140	166	172	259	321	331	420	592	648	867	
53	823.634	2939.62	70	243	311	346	347	357	382	673	745	830	853	908	
54	2031.71	1570.86	26	57	68	128	193	213	239	277	340	366	663	679	692	699	746	759	786	794	837	
55	143.193	6979.05	46	176	205	344	345	350	433	457	543	647	654	685	689	716	953	
56	1443.65	4167.38	2	65	66	71	77	249	289	299	369	431	475	516	757	776	827	
57	2045.35	1265.98	17	54	128	162	193	213	239	248	277	366	371	447	574	646	663	800	825	888	
58	2611.99	3737.75	14	129	214	530	570	667	708	736	822	828	873	964	
59	747.002	714.82	110	237	500	539	545	546	573	710	724	789	851	889	976	
60	2289.44	1011.23	17	22	120	162	218	317	329	334	366	371	425	447	459	629	774	825	888	957	966	
61	1222.54	2900.02	242	357	477	613	673	696	761	830	853	908	946	
62	2028.96	5776.01	44	49	96	126	138	202	211	216	223	244	485	778	779	801	842	990	
63	505.203	5481.2	43	116	229	387	408	505	531	610	702	727	742	846	864	901	954	
64	2647.97	580.462	8	80	84	209	236	262	265	317	329	426	439	446	564	576	629	717	774	787	797	814	819	926	961	974	
65	1619.62	3897.06	0	56	71	190	289	299	308	369	402	431	502	516	548	565	644	690	776	785	838	
66	1371.14	4354.61	33	56	249	475	572	628	728	757	776	826	827	894	
67	613.88	3313.17	13	70	106	182	184	207	234	346	474	478	601	745	914	969	972	
68	1869.2	1802.5	19	26	35	54	263	277	514	544	672	692	699	746	794	837	
69	2660.24	53.7889	266	404	791	797	798	892	926	961	
70	913.083	3186.36	53	67	106	182	309	346	357	382	474	696	745	830	853	908	914	
71	1692.22	4010.13	0	56	65	190	289	299	308	369	402	431	502	516	548	565	644	677	690	776	785	891	
72	862.27	349.971	110	237	264	427	498	511	545	658	668	688	697	765	789	793	823	889	918	968	
73	548.601	4749.9	87	281	314	444	458	507	541	575	609	643	718	741	898	987	
74	2705.28	1102.79	21	22	139	144	251	262	316	329	334	365	414	495	533	617	725	883	957	979	
75	91.1893	5320.52	30	155	229	253	359	441	547	
76	1872.31	5311.37	44	92	126	158	436	558	599	781	811	962	
77	1266.12	3976.26	0	2	56	103	124	299	450	452	503	757	776	965	989	
78	1538.22	7319.18	219	273	278	518	659	841	878	945	952	
79	2577.47	2813.73	6	7	11	29	93	133	285	338	438	468	513	522	525	795	870	886	905	912	917	921	
80	2633.41	546.358	8	64	84	209	236	262	265	317	329	426	446	564	576	629	717	774	797	814	819	926	961	974	
81	941.557	6052.96	15	118	135	143	156	295	354	409	424	529	549	581	615	652	711	763	780	821	852	922	938	978	993	
82	283.547	1383.86	28	39	95	174	204	267	296	527	559	586	590	656	868	920	
83	2391.34	4442.96	27	240	318	390	398	455	585	588	642	683	818	829	839	884	903	949	995	999	
84	2895.44	734.275	64	80	171	262	265	316	426	439	446	564	576	611	725	787	814	819	974	979	
85	2597.89	6033.51	111	245	328	388	400	413	483	499	512	550	587	733	737	874	879	915	936	971	
86	1607.81	2819.22	114	235	247	397	560	645	959	985	
87	680.715	4790.64	73	281	314	405	444	453	458	541	575	609	643	718	741	898	987	
88	2326.61	7102.65	112	301	303	423	430	479	580	790	924	947	
89	272.744	7295.83	41	46	176	205	344	345	350	433	631	653	686	734	910	928	953	
90	62.624	2945.8	134	173	326	419	435	442	463	552	636	777	824	859	881	988	
91	1310.07	1506.32	38	99	260	298	327	385	451	467	551	712	771	857	860	911	998	
92	1791.01	5349.82	76	126	158	436	558	599	674	723	811	869	919	962	
93	2515.4	2821.97	6	7	11	29	79	133	285	338	438	468	513	522	795	870	886	905	912	917	921	
94	1550.04	6397.21	109	258	280	315	370	372	386	448	535	635	669	726	758	773	935	950	986	
95	43.2142	1428.5	28	82	174	204	296	586	590	656	743	920	
96	2000.49	5751.06	44	49	62	126	138	202	211	216	223	244	485	506	778	779	801	842	990	
97	2256.75	6165.81	49	211	245	393	550	779	801	879	900	982	
98	1161.29	2320.7	127	142	157	217	348	351	465	597	598	602	700	882	930	984	
99	1102.69	1394.62	38	45	91	298	327	385	451	467	551	771	831	857	911	923	933	960	998	
100	2542.41	5454.19	111	164	224	443	515	571	603	671	739	902	934	936	
101	1056.46	4605.24	225	230	269	322	378	383	405	434	619	628	704	718	738	755	816	827	862	894	942	
102	392.682	266.198	4	119	178	187	189	208	432	494	511	670	697	760	765	772	793	845	880	918	
103	1102.69	3741.19	77	168	180	227	241	286	299	360	395	450	452	503	554	568	703	806	965	
104	1281.87	461.669	183	201	306	307	335	456	668	693	751	836	897	968	977	
105	723.289	6986.37	31	36	48	125	197	231	276	429	471	473	521	537	631	660	698	762	817	843	910	958	
106	735.008	3262.58	13	67	70	182	184	207	234	309	346	395	474	745	830	914	969	
107	358.257	6486.71	122	294	313	391	396	399	406	470	634	647	654	691	715	876	967	
108	138.89	2300.33	304	353	411	440	449	532	566	633	807	887	
109	1311.62	6250.95	15	94	131	280	372	448	528	529	535	561	607	652	669	726	938	993	
110	638.234	580.462	4	59	72	178	187	237	264	319	539	545	724	789	793	865	889	
111	2568.41	5706.88	85	100	164	224	245	328	388	400	443	485	603	671	733	737	739	842	915	934	936	971	
112	2241.1	6879.48	88	303	349	423	430	542	580	790	924	947	
113	2492.51	6654.26	287	332	569	583	596	730	790	861	893	932	
114	1851.8	2684.41	34	86	152	232	235	247	324	560	695	720	959	985	
115	2874.84	2593.54	29	300	469	480	489	525	584	709	870	
116	450.545	5534.53	3	43	63	170	229	387	408	531	547	610	727	742	846	864	
117	2299.33	3168.74	7	11	121	154	220	275	285	343	504	522	557	638	719	732	886	905	931	992	
118	1138.77	5871.46	15	81	135	143	149	156	210	271	295	354	424	461	528	529	538	549	581	615	618	652	706	780	821	849	852	863	
119	295.816	204.398	4	102	165	178	187	189	208	432	494	670	697	760	772	845	880	
120	2266.82	761.055	8	60	150	179	209	218	255	317	329	371	425	459	629	637	774	815	957	966	
121	2249.61	3076.49	7	11	117	154	220	285	343	504	522	557	638	732	886	905	931	
122	366.405	6596.35	31	107	294	391	396	406	429	457	470	471	543	634	647	654	660	685	689	691	715	762	876	967	
123	1534.47	4896.85	1	5	32	33	42	270	274	290	342	355	421	422	572	582	599	755	811	869	925	940	991	
124	1103.43	4133.96	2	77	322	378	407	415	450	452	503	757	770	816	827	862	942	989	
125	840.388	7248.22	105	268	339	341	521	537	698	701	748	749	764	910	
126	1970.73	5486.24	44	62	76	92	96	138	158	202	244	436	506	558	778	962	
127	1162.3	2452.31	98	142	157	217	242	336	348	351	397	465	589	597	598	602	613	700	882	984	
128	1940.98	1413.85	26	54	57	162	193	239	277	366	447	491	574	646	800	
129	2420.09	3609.12	50	58	259	530	570	620	667	822	828	909	964	992	
130	1796.14	1041.44	17	248	255	364	379	447	574	646	731	782	800	966	
131	1178.14	6385.77	15	109	195	258	280	370	372	373	561	562	594	640	652	669	803	938	993	
132	2354.17	4844.43	226	250	312	588	627	642	683	812	813	839	884	927	999	
133	2433.73	2795.19	6	7	11	29	79	93	220	285	338	343	438	468	513	522	526	638	870	886	905	912	917	921	
134	310.465	3024.77	90	173	254	326	419	435	442	463	478	552	636	745	777	824	859	881	972	988	
135	941.374	5944.93	15	81	118	143	156	206	295	354	409	424	461	529	549	581	615	652	711	763	780	821	852	863	978	
136	913.907	5131.92	225	281	288	374	453	486	490	505	541	595	767	944	956	
137	44.5875	3493.07	23	192	222	246	256	375	636	744	799	809	881	972	
138	2194.95	5536.13	44	62	96	126	202	224	485	739	778	842	
139	2480.97	1294.37	74	162	213	239	334	340	365	366	371	414	495	497	617	663	759	883	888	957	
140	2965.48	3117.69	52	166	172	321	331	420	525	592	795	867	912	
141	2130.59	7470.7	423	479	952	963	
142	1308.79	2277.9	47	98	127	157	348	351	397	465	597	598	602	700	904	930	984	
143	1178.32	5890.45	15	81	118	135	149	156	210	271	295	424	461	528	529	538	581	607	615	618	652	706	780	821	849	852	863	
144	2779.53	1133.92	21	22	74	171	251	262	316	365	414	495	533	617	725	883	979	
145	654.439	1793.12	39	330	517	524	567	608	623	729	858	907	973	981	
146	2029.33	6505.02	148	349	386	393	583	705	713	766	850	900	982	
147	826.746	1039.84	282	310	500	536	546	573	651	710	724	851	923	941	960	
148	2080.87	6549.42	146	349	386	393	583	705	713	766	850	900	
149	1410.41	5727.48	20	118	143	156	210	271	482	506	528	538	607	618	674	706	723	821	849	863	875	919	943	
150	1966.25	663.778	120	179	218	255	379	637	721	731	815	872	966	
151	2064.67	148.778	12	186	215	454	577	694	788	798	840	871	996	
152	1949.67	2501.3	34	114	153	232	324	526	540	560	695	720	747	832	
153	2145.51	2334.44	152	169	191	232	324	377	514	526	661	676	695	747	832	899	937	970	
154	2052.4	3219.32	117	121	220	302	343	504	557	638	719	732	931	
155	183.752	5158.93	30	75	253	359	408	458	678	702	714	901	
156	1099.67	5816.06	81	118	135	143	149	210	271	295	354	424	461	529	538	549	581	615	618	652	706	707	780	821	849	852	863	
157	1055.09	2247.69	51	98	127	142	217	221	272	351	392	465	509	597	598	602	687	700	804	877	882	930	984	
158	2007.81	5166.71	76	92	126	226	250	436	558	627	781	812	962	
159	1313.46	5168.77	1	5	32	42	274	288	320	342	412	421	476	486	490	599	811	869	913	925	956	991	
160	529.923	2115.39	16	37	304	411	449	556	687	735	754	858	887	973	981	
161	2654.47	7140.64	194	297	301	367	418	479	534	606	612	614	675	790	861	924	947	
162	2179.94	1234.63	17	57	60	128	139	193	213	239	334	340	366	371	447	663	759	800	825	888	957	
163	2978.85	2246.09	196	300	403	437	469	489	584	709	
164	2552.39	5612.58	100	111	224	388	443	485	603	671	733	739	842	915	934	936	
165	24.2622	380.642	119	432	670	845	
166	2758.29	3273.11	11	52	140	172	259	275	321	331	420	592	648	795	828	867	912	
167	2034.36	4424.88	352	398	455	472	585	839	891	999	
168	1194.07	3594.24	103	241	286	360	395	401	452	554	568	655	703	806	965	
169	2432.72	2370.83	6	153	191	338	377	469	493	526	661	747	847	870	899	921	937	970	
170	364.299	5828.88	3	116	229	233	501	555	600	727	763	846	955	994	
171	2972.9	891.064	84	144	251	262	316	446	611	725	787	974	979	
172	2974.91	3090.23	52	140	166	321	331	420	525	592	867	912	
173	330.424	3079.93	13	90	134	234	419	435	442	463	478	552	601	636	745	777	824	859	881	972	988	
174	16.6631	1410.18	28	82	95	204	296	586	590	656	743	920	
175	2608.51	1856.06	305	462	493	680	983	
176	59.2364	7231.28	41	46	55	89	205	344	350	433	686	734	953	
177	2722.5	4258.02	27	40	238	240	284	318	337	390	410	488	492	624	630	722	736	810	820	829	995	
178	470.412	437.864	4	102	110	119	187	189	208	319	432	494	511	539	697	765	789	793	845	889	918	
179	2135.81	616.398	8	120	150	218	255	425	459	629	637	721	774	815	835	966	
180	784.082	3793.37	103	227	292	360	361	395	450	503	554	703	756	833	969	
181	2913.75	6341.59	287	362	413	483	512	596	768	874	893	
182	932.218	3383.43	67	70	106	227	286	309	346	357	360	395	474	554	703	806	914	
183	1563.31	302.82	104	185	201	228	306	389	460	622	740	836	897	977	996	
184	560.869	3431.73	13	67	106	192	207	222	234	601	745	809	914	969	972	
185	1630.6	44.8622	183	215	228	333	389	460	622	740	871	996	
186	2150	95.2177	12	151	215	266	454	577	694	788	798	840	871	
187	521.683	314.493	4	102	110	119	178	189	208	264	279	427	432	494	511	670	688	697	760	765	772	789	793	918	
188	1153.05	98.1933	333	456	498	622	658	668	823	968	
189	516.923	140.08	4	102	119	178	187	208	264	279	494	498	511	670	688	697	760	765	772	793	880	918	
190	1878.17	3813.06	50	65	71	200	308	369	402	502	548	565	677	690	785	838	854	866	
191	2447.92	2443.85	6	29	153	169	338	377	469	513	526	661	747	847	870	899	917	921	937	970	
192	328.043	3651.01	23	137	184	222	246	256	375	601	744	756	792	799	809	855	856	929	969	972	
193	2004.79	1423.23	26	54	57	128	162	213	239	277	340	366	447	491	574	646	663	679	699	794	800	888	
194	2717	7368.39	161	297	367	466	606	614	675	
195	1143.35	6685.61	131	258	370	373	481	561	562	594	640	662	665	803	843	
196	2885.28	2148.58	163	300	403	437	469	489	584	847	
197	560.778	6868.72	31	36	48	105	231	276	345	396	429	471	473	521	543	631	647	654	660	685	689	715	762	817	843	910	958	
198	2327.8	4072.85	214	318	352	376	530	585	591	593	620	667	708	818	854	903	909	949	
199	707.724	4234.9	269	292	314	322	361	407	415	417	428	604	681	750	770	833	862	
200	2057.8	3832.06	50	190	302	376	402	502	530	548	593	620	677	690	838	854	909	
201	1307.32	470.367	104	183	306	307	335	456	668	693	751	836	897	968	977	
202	2022.46	5795.92	44	49	62	96	126	138	211	216	223	244	484	485	778	779	801	842	879	990	
203	2847.74	5174.26	25	384	443	515	571	684	753	784	902	906	948	
204	290.231	1295.05	28	82	95	174	267	296	527	559	586	590	656	868	
205	18.5858	7273.17	41	46	55	89	176	344	433	686	953	
206	728.69	5726.8	135	233	295	354	424	461	505	531	549	581	610	707	763	780	852	864	954	978	
207	559.954	3344.98	13	67	106	184	234	474	478	601	745	809	914	969	972	
208	390.759	341.731	4	102	119	178	187	189	432	494	511	670	697	760	765	789	793	845	880	918	
209	2491.41	586.642	8	64	80	120	236	262	265	317	329	425	426	564	576	629	717	774	797	814	819	835	926	
210	1329.57	5826.36	20	118	143	149	156	271	424	482	528	529	538	607	615	618	706	752	821	849	863	875	943	
211	2190.65	5908.76	49	62	96	97	202	223	244	485	550	779	801	842	879	990	
212	58.504	1031.37	267	296	586	590	656	664	796	975	
213	2291.45	1392.56	54	57	139	162	193	239	277	340	365	366	371	414	447	663	679	699	759	786	825	888	
214	2378.34	3966.41	14	50	58	198	376	530	591	593	620	667	708	818	822	903	909	949	
215	1868.01	94.9889	12	151	185	186	228	389	460	577	694	740	788	840	871	996	
216	1785.97	5910.37	20	62	96	202	223	244	293	482	484	506	519	657	752	779	848	875	935	943	990	
217	874.813	2433.55	98	127	157	243	336	351	356	392	509	556	589	597	598	613	687	700	735	877	882	
218	2188.54	754.418	8	60	120	150	179	255	317	371	425	459	629	637	774	815	966	
219	1311.9	7136.98	9	78	278	339	481	518	632	682	701	764	841	945	
220	2136.36	2932.52	7	34	117	121	133	154	343	513	522	638	732	886	905	931	
221	1083.19	1994.99	51	157	272	392	467	509	524	712	804	882	930	981	984	998	
222	298.471	3549.15	23	137	184	192	234	246	256	375	601	744	792	799	809	855	856	929	969	972	
223	2016.79	5894.34	44	49	62	96	202	211	216	244	484	485	779	801	842	848	879	982	990	
224	2395.73	5567.03	100	111	138	164	388	443	485	603	671	739	778	842	902	934	936	
225	1015.99	4870.3	1	42	101	136	230	281	288	342	383	405	434	453	486	619	704	718	755	767	991	
226	2311.69	5159.84	132	158	250	312	627	812	813	902	
227	810.45	3664.28	103	180	182	360	395	474	503	554	703	806	969	
228	1600.76	92.0133	183	185	215	333	389	460	622	740	871	996	
229	275.399	5515.76	3	30	63	75	116	170	408	441	501	547	610	727	742	846	
230	1110.84	4735.71	1	42	101	225	288	342	383	405	422	434	486	619	628	704	718	738	755	894	991	
231	787.835	6678.98	31	48	105	197	276	283	396	429	562	594	660	665	817	843	958	
232	1940.61	2578.66	34	114	152	153	324	540	560	695	720	959	
233	588.519	5892.28	3	170	206	354	380	409	531	549	553	581	600	711	763	780	846	864	954	955	978	994	
234	448.531	3342.46	13	67	106	173	184	207	222	478	601	745	809	881	914	969	972	
235	1619.16	2791.3	86	114	247	397	560	645	959	985	
236	2534.81	559.404	8	64	80	209	262	265	317	329	426	446	564	576	629	717	774	797	814	819	835	926	961	
237	802.393	494.4	59	72	110	264	335	427	511	539	545	658	724	765	789	793	889	918	968	976	
238	2911.65	4225.97	40	177	284	337	410	488	624	630	722	810	820	829	
239	2234.14	1348.38	54	57	128	139	162	193	213	277	340	365	366	371	414	447	663	679	759	786	825	888	
240	2584.8	4387.11	27	40	83	177	284	318	390	410	492	630	722	820	829	884	995	
241	1256.14	3567.69	0	103	168	286	363	401	452	568	655	703	806	965	
242	1260.81	2762.92	61	127	247	348	351	397	477	589	602	613	645	673	696	761	853	946	985	
243	879.757	2751.47	53	217	311	336	347	356	382	589	613	673	830	853	
244	1902.16	5778.07	44	62	96	126	202	211	216	223	482	484	506	779	848	990	
245	2526.2	6012.68	49	85	97	111	328	388	413	512	550	587	737	801	842	879	915	936	971	
246	146.397	3599.28	23	137	192	222	256	375	601	744	792	799	809	856	929	972	
247	1554.98	2704.09	47	86	114	235	242	348	397	477	560	645	959	985	
248	1810.51	1045.79	17	57	130	255	364	379	447	574	646	731	782	800	966	
249	1547.93	4476.15	33	56	66	270	368	422	475	516	572	628	728	826	891	894	
250	2197.15	4977.42	132	158	226	312	588	627	642	781	812	813	
251	2818.17	1147.88	21	22	74	144	171	316	365	394	495	533	617	725	883	979	
252	422.712	4021.35	292	361	417	428	508	520	681	750	756	775	792	802	808	844	855	856	929	
253	111.423	5131.46	30	75	155	359	678	714	
254	485.611	2749.18	134	326	347	382	442	478	532	666	777	824	988	
255	1971.37	885.8	17	120	130	150	179	218	248	364	379	459	637	721	731	782	800	825	872	966	
256	293.527	3659.02	23	137	192	222	246	375	601	744	756	792	799	809	855	856	929	
257	1733.05	2144.69	19	514	540	544	720	832	904	
258	1368.21	6577.12	94	131	195	315	370	372	373	448	632	640	662	726	773	803	950	986	
259	2618.95	3392.13	11	52	129	166	275	285	570	648	795	828	867	964	992	
260	1446.94	1332.59	38	91	298	451	491	551	574	646	857	911	933	
261	2900.94	5829.11	388	400	445	483	499	587	649	733	769	874	915	
262	2699.42	822.626	22	64	74	80	84	144	171	209	236	316	317	329	446	564	576	629	717	725	774	787	814	819	974	979	
263	1600.76	1810.28	19	68	544	579	672	911	
264	778.13	317.469	72	110	187	189	237	279	427	498	511	545	658	688	697	765	789	793	823	918	968	
265	2696.13	486.618	8	64	80	84	209	236	426	439	446	564	576	717	797	814	819	926	961	974	
266	2422.1	124.058	69	186	404	454	788	797	798	835	840	892	926	
267	300.943	1139.64	24	28	82	204	212	296	310	527	586	590	656	664	868	975	
268	831.233	7460.86	125	341	653	698	701	748	749	
269	789.483	4438.15	101	199	314	322	378	407	415	434	604	609	718	738	770	816	862	942	987	
270	1532.18	4657.43	33	42	123	249	290	368	422	475	572	582	619	628	728	826	894	925	940	
271	1331.86	5607.32	118	143	149	156	210	320	412	538	618	674	706	723	849	863	913	919	943	
272	951.628	2037.34	51	157	221	392	509	524	712	804	882	973	981	
273	1811.79	7238.84	18	78	278	303	416	423	430	659	805	878	952	
274	1418.65	5090.26	1	5	32	42	123	159	320	342	412	421	422	476	582	599	755	811	869	913	925	991	
275	2592.12	3229.39	11	117	166	259	285	420	468	522	648	795	828	867	905	912	992	
276	813.013	6797.54	31	36	48	105	197	231	283	396	429	521	537	594	660	665	817	843	958	
277	2100.38	1583.22	26	54	57	68	128	193	213	239	340	366	663	679	692	699	746	759	786	794	837	
278	1578.23	7218.7	9	18	78	219	273	416	510	518	659	805	841	878	945	952	
279	700.308	58.5955	187	189	264	427	498	511	658	688	697	765	772	793	823	918	
280	1319.96	6196.71	15	20	94	109	131	372	528	529	535	561	607	652	669	726	752	821	938	993	
281	819.971	4897.76	73	87	136	225	288	374	405	453	486	541	643	704	718	741	767	898	987	
282	705.252	1293.91	45	147	527	559	563	641	651	729	831	868	941	
283	803.949	6620.61	31	231	276	396	429	562	594	660	665	817	843	958	
284	2885.28	4316.84	40	177	238	240	337	410	488	492	624	630	722	810	820	829	995	
285	2459.18	3118.61	7	11	79	93	117	121	133	259	275	343	438	468	522	638	795	886	905	912	931	992	
286	1156.44	3536.79	103	168	182	241	360	395	401	452	474	554	568	655	703	806	965	
287	2762.78	6535	113	181	332	413	512	569	596	730	768	834	893	932	
288	1082.09	4973.3	1	5	32	42	136	159	225	230	281	342	383	405	421	453	476	486	490	619	704	755	767	944	956	991	
289	1700.92	4159.37	56	65	71	308	369	402	431	475	516	548	677	690	728	776	891	
290	1790.92	4837.79	123	270	355	368	582	781	925	940	
291	2707.3	4829.1	25	312	384	492	630	650	683	684	753	784	884	906	927	
292	671.926	4010.13	180	199	252	361	407	415	417	503	508	750	756	775	808	833	855	
293	1669.33	6065.32	20	216	482	484	519	528	535	607	635	657	752	758	848	875	935	
294	185.034	6646.02	107	122	391	396	406	457	470	543	634	647	654	685	689	715	716	762	967	
295	972.594	5933.03	15	81	118	135	143	156	206	354	409	424	461	529	538	549	581	615	652	780	821	852	863	978	
296	5.85955	1282.24	28	82	95	174	204	212	267	586	590	656	
297	2550.1	7354.88	161	194	301	367	466	479	606	614	675	924	
298	1222.17	1545.69	38	91	99	260	327	385	451	467	551	712	771	831	857	860	911	998	
299	1406.75	3866.85	0	2	56	65	71	77	103	369	452	565	568	644	776	785	965	
300	2802.97	2325.74	115	163	196	437	469	480	489	584	709	847	
301	2587.08	7048.86	88	161	297	332	367	418	479	606	612	614	675	730	790	861	890	924	947	
302	2057.34	3520.08	50	154	200	504	557	719	838	866	909	992	
303	2054.6	7113.18	18	88	112	273	416	423	430	479	542	580	805	878	
304	301.95	2214.04	16	37	108	160	353	411	440	449	523	566	633	735	754	807	887	
305	2453.14	1887.87	175	462	493	621	679	680	786	837	997	
306	1457.38	401.242	104	183	201	456	668	751	836	897	977	
307	1216.13	677.74	104	201	335	496	536	639	693	724	751	836	851	976	
308	1789.09	4105.12	65	71	190	289	352	369	376	402	431	502	516	548	677	690	776	854	891	
309	996.216	3236.72	70	106	182	346	357	395	474	696	806	830	853	908	914	946	
310	515.732	1011	24	147	267	527	539	710	865	868	975	
311	880.215	2837.76	53	243	336	346	347	357	382	589	613	673	761	830	853	908	
312	2499.83	4971.01	132	226	250	291	627	642	683	812	813	884	902	906	927	
313	360.82	6174.73	107	380	399	553	555	600	605	634	691	711	763	876	955	994	
314	742.149	4484.62	73	87	199	269	322	378	407	415	434	604	609	681	718	738	770	816	862	987	
315	1533.1	6576.66	94	258	370	372	386	448	625	632	640	662	726	758	773	783	950	986	
316	2896.91	1020.62	21	74	84	144	171	251	262	533	725	787	883	979	
317	2483.54	776.162	8	22	60	64	80	120	209	218	236	262	329	334	425	459	564	576	629	717	725	774	814	819	957	
318	2527.57	4286.4	27	40	83	177	198	240	390	410	591	708	722	818	820	829	903	949	995	
319	342.051	707.724	4	24	110	178	325	464	539	664	710	796	845	865	975	
320	1321.97	5305.19	5	32	159	271	274	412	421	476	490	599	723	811	869	913	956	
321	2964.48	3077.64	52	140	166	172	331	420	525	592	795	867	912	
322	984.13	4410	101	124	199	269	314	378	407	415	434	604	704	718	738	757	770	816	827	862	942	989	
323	1714.19	3184.99	358	363	381	626	732	
324	2023.65	2513.89	34	114	152	153	232	513	526	560	695	720	747	832	
325	313.211	731.071	24	319	464	539	664	710	796	845	865	975	
326	159.673	2766.81	90	134	254	442	463	532	566	777	824	988	
327	1229.59	1600.39	91	99	298	385	467	551	712	771	831	857	860	911	998	
328	2559.43	5956.14	85	111	245	388	400	413	499	512	550	587	733	737	801	842	879	915	936	971	
329	2570.33	846.431	8	22	60	64	74	80	120	209	236	262	317	334	425	459	564	576	629	725	774	814	819	957	974	
330	628.162	1762.9	10	39	145	517	524	559	567	608	623	729	754	858	907	973	981	
331	2950.19	3370.16	52	140	166	172	321	420	592	648	867	
332	2572.89	6731.85	113	287	301	418	569	596	730	768	790	861	890	947	
333	1302.65	20.3711	185	188	228	456	460	622	740	
334	2453.78	1062.5	22	60	74	139	162	317	329	365	371	414	425	459	725	774	825	888	957	
335	1103.43	606.784	104	201	237	307	500	545	668	693	724	751	836	851	968	976	
336	946.409	2588.05	127	217	243	311	347	351	356	589	597	598	602	613	673	687	700	877	882	
337	2975.1	4053.62	177	238	284	488	624	736	810	873	896	
338	2531.14	2539.06	6	29	79	93	133	169	191	377	469	513	526	661	847	870	899	917	921	937	
339	1140.6	7181.62	125	219	481	487	518	537	682	701	748	764	841	945	
340	2328.53	1464.89	54	139	162	193	213	239	277	365	366	414	497	617	663	679	699	759	786	888	
341	696.371	7354.66	125	268	521	631	653	698	749	910	928	
342	1300.55	4913.1	1	5	32	33	42	123	159	225	230	274	288	383	421	422	486	582	619	755	894	925	991	
343	2170.87	2969.83	7	117	121	133	154	220	285	513	522	557	638	732	886	905	931	
344	35.7982	7227.62	41	46	55	89	176	205	350	433	686	734	953	
345	340.403	7031.92	36	48	55	89	197	350	429	433	457	471	473	543	631	647	660	685	689	716	734	762	910	928	953	
346	837.092	3079.7	13	53	67	70	106	182	309	311	347	357	382	474	745	830	853	908	914	
347	769.158	2789.01	53	243	254	311	336	346	356	382	589	666	673	830	853	
348	1330.67	2585.53	47	98	127	142	242	247	351	397	465	477	597	598	602	613	645	673	700	959	985	
349	2042.15	6673.25	112	146	148	386	542	578	583	625	705	713	766	783	850	
350	315.867	7122.1	36	46	55	89	176	344	345	433	457	471	473	543	631	685	689	734	762	910	928	953	
351	1160.56	2520.52	98	127	142	157	217	242	336	348	397	465	477	589	597	598	602	613	673	700	882	984	
352	2073.64	4201.03	167	198	308	376	398	472	585	591	593	677	818	854	891	903	949	
353	68.5751	2312.46	108	304	411	440	449	532	566	633	807	
354	852.107	6011.31	81	118	135	156	206	233	295	409	424	529	549	553	581	615	652	711	763	780	852	922	978	
355	1778.47	4920.19	123	290	582	599	781	925	940	
356	750.206	2483.67	217	243	336	347	509	556	589	666	687	735	877	882	
357	1065.16	3083.82	53	61	70	182	309	311	346	474	673	696	761	830	853	908	946	
358	1715.2	3496.51	323	565	626	785	838	866	
359	197.851	5116.81	30	75	155	253	458	678	702	714	901	
360	874.172	3572.27	103	168	180	182	227	286	395	474	554	703	806	914	969	
361	676.778	4063.01	180	199	252	292	407	415	417	428	503	508	604	681	750	756	770	775	808	833	855	
362	2919.43	6180.91	181	400	413	483	499	512	587	874	
363	1444.93	3297.14	241	323	381	401	626	655	
364	1763.91	1005.74	17	130	248	255	379	574	646	731	782	800	
365	2543.6	1297.57	74	139	144	213	239	251	334	340	414	495	497	533	617	663	759	883	888	957	
366	2188.27	1284.3	17	54	57	60	128	139	162	193	213	239	277	340	371	414	447	663	759	800	825	888	
367	2679.46	7080.22	161	194	297	301	418	534	606	612	614	675	790	861	890	924	947	
368	1695.43	4579.84	33	249	270	290	422	472	475	572	582	728	826	891	940	
369	1672.54	4023.64	0	56	65	71	190	289	299	308	402	431	502	516	548	565	644	677	690	776	785	891	
370	1294.32	6595.89	94	131	195	258	315	372	373	448	561	632	640	662	726	773	803	950	986	993	
371	2254.28	1075.32	17	57	60	120	139	162	213	218	239	334	366	425	447	459	663	800	825	888	957	966	
372	1429.27	6392.18	94	109	131	258	280	315	370	373	448	535	640	669	726	758	773	950	986	993	
373	1183.17	6568.65	131	195	258	370	372	561	562	594	640	662	665	803	938	993	
374	774.56	5111.09	43	136	281	387	453	490	505	541	643	702	741	742	767	901	944	956	
375	148.412	3633.61	23	137	192	222	246	256	520	744	792	799	809	856	929	
376	2113.38	4074.45	50	198	200	214	308	352	402	502	530	548	585	591	593	620	677	818	854	903	949	
377	2428.69	2444.99	6	29	153	169	191	338	469	513	526	661	747	847	870	899	917	921	937	970	
378	1019.38	4359.42	101	124	269	314	322	407	415	434	604	704	738	757	770	816	827	862	942	989	
379	1775.99	780.053	130	150	248	255	364	637	721	731	782	872	966	
380	559.771	6213.42	233	313	399	409	553	600	605	691	711	763	876	922	955	994	
381	1492.36	3129.14	323	363	401	946	
382	738.304	2917.19	53	70	243	254	311	346	347	478	666	745	830	853	
383	1169.44	4839.4	1	5	32	42	101	225	230	288	342	405	421	422	434	486	619	628	704	755	767	894	991	
384	2897.64	4956.59	25	203	291	650	684	753	784	906	927	
385	1058.2	1527.15	45	91	99	298	327	451	467	551	608	712	771	831	857	860	911	998	
386	1799.16	6609.39	94	146	148	315	349	448	542	578	625	705	713	758	766	773	783	850	950	986	
387	538.53	5244.3	43	63	116	374	408	453	505	541	610	643	702	742	901	
388	2599.72	5809.2	85	111	164	224	245	261	328	400	485	587	671	733	737	739	842	879	915	934	936	971	
389	1657.43	129.78	183	185	215	228	460	622	694	740	871	897	996	
390	2443.25	4396.95	27	40	83	177	240	318	398	492	683	722	818	820	829	884	903	949	995	999	
391	203.711	6535.46	107	122	294	406	457	470	634	647	654	691	715	716	967	
392	885.8	2114.47	51	157	217	221	272	509	524	556	687	804	877	882	973	981	
393	2289.35	6354.64	97	146	148	550	583	705	900	932	982	
394	2875.21	1454.82	21	251	495	497	533	617	883	
395	904.66	3545.49	103	106	168	180	182	227	286	309	360	474	554	703	806	914	965	969	
396	499.252	6725.44	31	36	48	107	122	197	231	276	283	294	406	429	457	470	471	473	543	647	654	660	685	689	715	762	817	958	967	
397	1417.46	2574.77	47	86	127	142	235	242	247	348	351	465	477	602	645	700	904	959	985	
398	2227.64	4434.26	83	167	352	390	455	472	585	588	642	818	839	903	949	999	
399	483.871	6273.61	107	313	380	553	600	605	634	691	711	763	876	922	955	967	994	
400	2859.55	5860.7	85	111	261	328	362	388	445	483	499	587	649	733	769	874	915	936	971	
401	1340.56	3335.83	168	241	286	363	381	568	626	655	806	
402	1901.24	3914.69	50	65	71	190	200	289	308	369	376	431	502	548	565	677	690	785	838	854	
403	2945.71	1944.64	163	196	437	983	
404	2589.47	150.838	69	266	454	791	797	798	892	926	961	
405	938.993	4760.66	87	101	225	230	281	288	383	434	486	619	704	718	738	755	767	987	
406	279.427	6541.64	107	122	294	391	396	457	470	543	634	647	654	691	715	876	967	
407	889.004	4258.02	124	199	269	292	314	322	361	378	415	604	738	757	770	816	827	833	862	942	989	
408	418.043	5370.19	30	43	63	116	155	229	387	610	702	727	742	901	
409	795.526	6140.17	81	135	233	295	354	380	549	553	581	605	652	711	763	780	852	922	978	994	
410	2818.45	4353.92	27	40	177	238	240	284	318	488	492	624	630	722	810	820	829	995	
411	317.057	2322.53	16	37	108	160	304	353	440	449	532	566	633	735	807	887	
412	1457.2	5356.23	5	32	159	271	274	320	421	476	599	674	723	811	869	913	919	
413	2691.64	6213.42	85	181	245	287	328	362	483	499	512	550	587	596	737	874	893	932	971	
414	2511.46	1296.43	74	139	144	213	239	334	340	365	366	495	497	533	617	663	759	883	888	957	
415	819.788	4280.45	124	199	269	292	314	322	361	378	407	604	738	757	770	816	833	862	942	989	
416	1854.46	7117.98	18	273	278	303	423	430	510	542	578	580	659	805	878	952	
417	478.286	4134.42	199	252	292	361	428	508	681	750	756	775	802	808	833	844	855	895	
418	2729.54	6922.06	161	301	332	367	534	569	612	614	730	768	790	834	861	890	947	
419	133.305	3117.24	90	134	173	435	442	463	552	636	824	859	881	972	988	
420	2820.18	3130.05	11	52	140	166	172	275	321	331	438	468	525	592	795	867	912	
421	1322.52	5126.19	1	5	32	42	123	159	274	288	320	342	383	412	476	486	490	599	755	811	869	913	925	956	991	
422	1435.59	4779.43	1	5	33	42	123	230	249	270	274	342	368	383	572	582	619	628	755	826	894	925	940	991	
423	2073.27	7160.1	18	88	112	141	273	303	416	430	479	542	580	805	878	963	
424	1029.91	5816.06	81	118	135	143	156	206	210	295	354	461	529	531	538	549	581	615	618	652	707	780	821	852	863	954	978	
425	2327.98	821.94	8	22	60	120	179	209	218	317	329	334	371	459	629	774	957	966	
426	2774.68	489.822	64	80	84	209	236	265	439	446	564	576	611	717	787	797	814	819	885	926	961	974	
427	843.043	262.307	72	187	237	264	279	498	511	545	658	668	688	697	765	789	793	823	918	968	
428	401.929	4217.28	199	252	361	417	508	681	750	775	802	808	844	895	916	
429	531.48	6796.17	31	36	48	105	122	197	231	276	283	345	396	457	471	473	521	543	631	647	654	660	685	689	715	762	817	843	958	
430	2038.76	7011.55	18	88	112	273	303	416	423	542	578	580	805	878	
431	1717.95	4178.82	56	65	71	289	308	369	402	475	516	548	677	690	728	776	891	
432	249.214	351.115	4	102	119	165	178	187	208	494	670	760	845	
433	273.934	7279.12	41	46	55	89	176	205	344	345	350	631	653	686	734	910	928	953	
434	1006.2	4588.31	101	225	230	269	314	322	378	383	405	619	628	704	718	738	755	816	827	862	942	
435	103.458	3124.1	90	134	173	419	442	463	552	636	824	859	881	972	988	
436	1807.12	5256.2	76	92	126	158	558	599	781	811	869	962	
437	2946.35	2062.75	163	196	300	403	584	
438	2657.31	2891.32	7	11	29	79	93	133	285	420	468	522	525	795	870	886	905	912	917	
439	2969.05	521.18	64	84	265	426	446	564	576	611	787	814	819	885	961	974	
440	135.319	2222.97	108	304	353	411	449	523	566	616	633	807	887	
441	110.874	5592.44	3	75	229	501	547	727	846	
442	263.314	2843.49	90	134	173	254	326	419	435	463	478	532	552	666	777	824	988	
443	2656.21	5438.4	100	111	164	203	224	515	571	603	671	733	739	902	934	948	
444	395.886	4716.25	73	87	458	507	575	609	643	741	895	898	916	951	987	
445	2997.44	5745.34	261	400	499	649	733	769	948	
446	2852.23	633.564	64	80	84	171	236	262	265	426	439	564	576	611	717	725	787	814	819	961	974	
447	2062.84	1210.14	17	57	60	128	130	162	193	213	239	248	366	371	663	800	825	888	
448	1504.72	6480.53	94	109	258	315	370	372	386	535	640	662	669	726	758	773	950	986	
449	373.73	2297.59	16	37	108	160	304	353	411	440	532	556	566	633	735	807	887	
450	1047.49	3917.2	2	77	103	124	180	452	503	703	757	965	989	
451	1201.39	1249.05	38	91	99	260	298	385	536	551	771	857	923	933	960	
452	1159.55	3835.72	2	77	103	124	168	241	286	299	450	503	568	703	806	965	989	
453	792.688	5079.5	87	136	225	281	288	374	387	486	490	541	643	702	741	767	944	956	
454	2284.13	205.313	12	151	186	266	404	577	788	797	798	835	840	
455	2132.6	4544.36	83	167	398	472	585	588	642	683	839	999	
456	1241.95	159.764	104	188	201	306	333	622	658	668	823	836	968	
457	212.5	6815.62	55	122	294	345	350	391	396	406	429	470	471	543	647	654	685	689	715	716	762	967	
458	397.259	4941.71	73	87	155	359	444	507	541	575	609	643	678	702	714	741	898	901	
459	2273.78	845.286	8	22	60	120	179	218	255	317	329	334	371	425	629	774	825	957	966	
460	1594.99	58.5955	183	185	215	228	333	389	622	740	871	996	
461	993.286	5655.84	118	135	143	156	206	295	424	505	531	538	581	595	615	618	707	780	821	852	863	864	954	
462	2588.27	1764.5	175	305	497	680	983	
463	82.6746	3037.13	90	134	173	326	419	435	442	552	636	824	859	881	988	
464	175.237	722.373	24	319	325	664	796	845	865	975	
465	1267.68	2390.51	47	98	127	142	157	348	351	397	597	598	602	613	645	700	904	930	984	
466	2763.42	7459.49	194	297	606	614	675	
467	1116.43	1698.58	91	99	221	298	327	385	524	551	712	771	804	831	860	911	998	
468	2580.31	2972.35	7	11	29	79	93	133	275	285	420	438	522	795	886	905	912	917	
469	2687.61	2356.64	29	115	163	169	191	196	300	338	377	480	489	584	661	709	847	870	937	
470	249.489	6596.8	107	122	294	391	396	406	457	543	634	647	654	685	689	691	715	716	762	967	
471	464.278	6852.7	31	36	48	105	122	197	345	350	396	429	457	473	521	543	631	647	654	660	685	689	715	762	817	958	
472	1951.05	4491.71	167	352	368	398	455	585	728	839	891	999	
473	544.664	7027.57	31	36	48	105	197	345	350	396	429	471	521	543	631	647	660	685	689	698	734	762	817	910	958	
474	883.511	3358.71	67	70	106	182	207	227	286	309	346	357	360	395	554	703	806	914	969	
475	1556.9	4400.39	33	56	66	249	270	289	368	431	516	572	628	728	826	891	894	
476	1249	5245.9	1	5	32	159	274	288	320	412	421	486	490	595	811	869	913	944	956	991	
477	1267.04	2794.05	61	242	247	348	351	397	602	613	645	673	696	761	853	908	946	985	
478	477.279	3052.69	13	67	134	173	207	234	254	382	442	601	745	777	824	972	988	
479	2349.77	7244.56	88	141	161	297	301	303	423	580	606	790	924	947	963	
480	2909.09	2590.56	29	115	300	469	489	525	584	709	870	
481	1289.47	6929.84	9	195	219	339	510	518	632	662	682	803	841	986	
482	1657.52	5812.63	20	149	210	216	244	293	484	506	519	607	657	674	706	752	848	849	875	919	943	
483	2881.53	6100.12	85	181	261	362	400	413	499	512	587	737	874	971	
484	1865.99	6066.24	202	216	223	244	293	482	519	635	657	752	779	848	900	935	982	990	
485	2300.61	5746.71	44	49	62	96	111	138	164	202	211	223	224	388	739	778	779	801	842	879	936	990	
486	1080.54	4986.8	1	5	32	42	136	159	225	230	281	288	342	383	405	421	453	476	490	619	704	755	767	944	956	991	
487	1207.98	7492.45	339	748	945	
488	2957.61	4380.25	40	177	238	284	337	410	492	624	630	810	820	995	
489	2863.12	2436.06	115	163	196	300	469	480	584	709	847	
490	1022.4	5215.23	1	32	136	159	288	320	374	421	453	476	486	505	595	767	913	944	956	
491	1710.44	1442	128	193	260	574	646	672	
492	2701.53	4576.86	27	40	177	240	284	291	390	410	488	630	683	810	820	829	884	927	995	
493	2410.2	2098.22	169	175	305	621	661	676	680	747	899	937	970	997	
494	343.059	192.953	4	102	119	178	187	189	208	432	511	670	697	760	772	845	880	
495	2779.53	1339.23	21	74	139	144	251	365	394	414	497	533	617	883	
496	1448.04	895.413	307	639	731	751	782	
497	2616.75	1458.94	139	340	365	394	414	462	495	533	617	663	759	883	
498	827.204	120.624	72	188	189	264	279	427	511	658	688	697	765	793	823	918	
499	2873.29	6003.3	85	261	328	362	400	413	445	483	587	733	737	874	915	971	
500	906.949	814.386	59	147	335	536	539	545	546	573	693	724	851	889	941	960	976	
501	145.116	5774.18	3	170	229	441	547	555	727	846	
502	1898.22	3844.19	50	65	71	190	200	308	369	376	402	548	565	677	690	785	838	854	866	
503	951.17	3930.71	2	77	103	124	180	227	292	361	450	452	703	770	833	989	
504	2050.39	3284.33	117	121	154	302	557	638	719	732	931	992	
505	766.869	5421.23	43	63	136	206	374	387	461	490	531	595	610	707	742	864	944	954	
506	1708.24	5679.42	96	126	149	216	244	482	674	706	723	848	875	919	943	962	
507	282.998	4730.9	73	444	458	575	609	678	714	895	898	916	939	951	
508	389.569	4147.01	252	292	361	417	428	681	750	756	775	802	808	844	855	895	916	
509	857.967	2178.79	51	157	217	221	272	356	392	556	597	687	804	877	882	973	981	
510	1603.6	6927.78	9	278	416	481	518	578	625	632	662	773	783	841	878	986	
511	631.55	249.718	4	72	102	178	187	189	208	237	264	279	427	494	498	658	688	697	765	772	789	793	918	
512	2627.92	6244.32	85	181	245	287	328	362	413	483	550	587	596	737	874	893	932	971	
513	2270.49	2693.79	6	7	34	79	93	133	191	220	324	338	343	377	522	526	695	870	886	905	917	921	
514	1963.77	2075.79	19	35	68	153	257	544	676	692	746	794	832	837	
515	2812.22	5379.8	100	203	443	571	603	649	671	769	902	934	948	
516	1687.46	4211.1	56	65	71	249	289	308	369	431	475	677	690	728	776	891	
517	578.448	1634.72	10	39	145	330	527	559	563	567	608	623	641	729	858	907	
518	1416.82	7184.59	9	78	219	278	339	481	510	682	841	945	
519	1625.48	6057.31	20	216	293	482	484	528	535	607	635	657	706	752	758	848	849	875	935	
520	112.064	3959.78	252	375	775	792	802	808	856	929	980	
521	699.301	7034.21	31	36	48	105	125	197	276	341	429	471	473	537	631	660	698	749	762	817	843	910	958	
522	2429.15	2965.94	7	11	79	93	117	121	133	220	275	285	343	438	468	513	638	795	886	905	912	917	921	931	
523	166.814	1949.45	10	304	440	616	743	754	920	
524	844.417	1848.96	51	145	221	272	330	392	467	567	608	623	712	804	858	907	973	981	998	
525	2889.58	2818.08	29	79	115	140	172	321	420	438	480	709	912	
526	2270.12	2545.7	6	34	133	152	153	169	191	324	338	377	513	695	747	870	899	917	921	937	970	
527	509.323	1326.87	28	82	204	267	282	310	517	559	563	586	641	651	729	868	
528	1378.09	6041.06	15	20	109	118	143	149	210	280	293	519	529	535	538	607	615	652	657	669	706	752	821	849	875	
529	1115.79	6022.29	15	81	109	118	135	143	156	210	280	295	354	424	528	538	549	581	615	652	669	780	821	852	938	993	
530	2351.97	3915.37	50	58	129	198	200	214	376	591	593	620	667	708	818	822	854	903	909	949	
531	762.474	5623.11	43	63	116	206	233	424	461	505	581	595	610	707	780	864	954	
532	285.195	2546.85	108	254	326	353	411	442	449	566	633	666	735	777	807	887	
533	2801.51	1196.86	21	74	144	251	316	365	394	414	495	497	617	725	883	979	
534	2944.98	7070.38	161	367	418	612	614	675	890	
535	1505.91	6183.89	20	94	109	280	293	372	448	519	528	607	635	657	669	726	752	758	848	875	935	950	
536	1119.08	959.273	38	147	307	451	500	546	573	639	693	724	851	923	933	941	960	976	
537	947.325	6998.96	48	105	125	276	339	521	665	682	698	701	764	817	843	958	
538	1266.85	5836.44	20	118	143	149	156	210	271	295	424	461	528	529	607	615	618	652	706	821	849	863	875	
539	598.132	702.46	24	59	110	178	237	310	319	325	500	710	789	865	889	
540	1690.66	2371.75	47	152	232	257	560	645	720	904	959	
541	627.613	4969.63	73	87	136	281	374	387	453	458	575	609	643	702	741	898	901	987	
542	1947.84	6882.92	112	303	349	386	416	423	430	578	580	625	705	713	766	783	805	850	
543	359.63	6842.63	31	36	48	55	122	197	294	345	350	396	406	429	457	470	471	473	631	647	654	660	685	689	715	716	762	967	
544	1721.79	1986.75	19	68	257	263	514	579	672	692	
545	861.538	503.098	59	72	110	237	264	335	427	500	658	693	724	789	793	889	968	976	
546	870.51	924.711	59	147	500	536	573	710	724	851	889	923	941	960	976	
547	132.115	5548.27	3	30	75	116	229	441	501	727	846	
548	1872.04	3909.65	65	71	190	200	289	308	369	376	402	431	502	565	677	690	785	838	854	
549	858.882	6000.55	81	118	135	156	206	233	295	354	409	424	529	553	581	615	652	711	763	780	821	852	864	922	978	
550	2384.66	6110.64	49	85	97	211	245	328	393	413	512	587	737	801	842	879	932	971	
551	1211.37	1543.17	38	91	99	260	298	327	385	451	467	712	771	831	857	860	911	998	
552	141.27	3132.34	90	134	173	419	435	442	463	601	636	824	859	881	972	988	
553	641.346	6210.44	233	313	354	380	399	409	549	600	605	691	711	763	876	922	955	978	994	
554	896.878	3599.05	103	168	180	182	227	286	360	395	474	703	806	914	965	969	
555	156.56	6015.66	3	170	313	501	600	955	
556	646.84	2202.14	16	37	160	217	356	392	449	509	687	735	877	882	887	973	981	
557	2038.85	3259.15	117	121	154	302	343	504	638	719	732	931	
558	1835.87	5321.67	44	76	92	126	158	436	599	781	811	962	
559	473.434	1490.75	10	28	39	82	204	282	330	517	527	563	641	729	868	920	
560	1775.99	2579.81	34	47	86	114	152	232	235	247	324	540	645	695	720	904	959	985	
561	1060.03	6368.37	15	109	131	195	280	370	373	562	594	640	652	669	922	938	993	
562	991.913	6435.9	15	131	195	231	283	373	561	594	640	665	803	922	938	993	
563	672.842	1392.56	45	282	517	527	559	608	641	651	729	831	868	
564	2713.25	684.149	8	22	64	80	84	209	236	262	265	317	329	426	439	446	576	611	629	717	725	774	787	814	819	974	
565	1639.03	3757.21	0	65	71	190	299	358	369	402	502	548	568	626	644	690	785	838	866	
566	231.635	2461.7	108	304	326	353	411	440	449	532	633	735	807	887	
567	704.52	1791.06	145	330	517	524	608	623	729	858	907	973	981	
568	1342.66	3625.14	0	103	168	241	286	299	401	452	565	626	644	655	785	806	965	
569	2756	6736.2	113	287	332	418	596	612	730	768	790	834	861	890	
570	2588.64	3609.35	14	58	129	259	648	667	822	828	867	964	992	
571	2765.98	5337.46	100	203	443	515	603	649	671	769	902	934	948	
572	1525.22	4622.64	33	66	123	249	270	368	422	475	582	619	628	728	826	894	940	
573	933.409	984.909	59	147	500	536	546	724	851	923	933	941	960	976	
574	1726.92	1291.85	57	128	130	193	248	260	364	491	646	800	
575	485.061	4888.38	73	87	444	458	507	541	609	643	678	702	741	898	901	987	
576	2751.34	614.566	64	80	84	209	236	262	265	317	329	426	439	446	564	611	717	725	787	814	819	961	974	
577	2107.7	20.6	12	151	186	215	454	694	788	798	840	871	
578	1782.22	6827.52	349	386	416	430	510	542	625	713	766	773	783	805	850	986	
579	1480.09	1815.55	19	263	544	672	860	911	930	
580	2167.85	7052.06	88	112	303	416	423	430	479	542	805	924	
581	874.081	5850.63	81	118	135	143	156	206	233	295	354	409	424	461	529	531	549	615	652	707	711	763	780	821	852	863	864	954	978	
582	1575.76	4826.58	5	33	42	123	270	274	290	342	355	368	422	572	894	925	940	991	
583	2291.91	6504.1	113	146	148	349	393	705	932	
584	2980.68	2381.13	115	163	196	300	437	469	480	489	709	
585	2109.07	4315.24	83	167	198	352	376	398	455	472	593	677	818	839	891	903	949	999	
586	204.901	1269.42	28	82	95	174	204	212	267	296	527	590	656	868	
587	2693.38	6037.86	85	245	261	328	362	388	400	413	483	499	512	550	733	737	874	915	936	971	
588	2231.85	4713.51	83	132	250	398	455	627	642	683	839	999	
589	965.545	2616.43	127	217	242	243	311	336	347	351	356	597	598	602	613	673	700	877	
590	7.32444	1269.88	28	82	95	174	204	212	267	296	586	656	
591	2373.03	4072.85	198	214	318	352	376	530	593	620	667	708	722	818	903	949	
592	2952.39	3182.93	52	140	166	172	321	331	420	648	795	867	
593	2244.3	4035.54	50	198	200	214	352	376	530	585	591	620	667	708	818	854	903	909	949	
594	901.273	6524.93	131	195	231	276	283	373	561	562	665	843	922	938	993	
595	993.011	5397.66	43	136	461	476	490	505	531	707	863	913	944	954	956	
596	2688.89	6491.52	113	181	287	332	413	512	569	730	768	834	893	932	
597	1140.05	2336.5	98	127	142	157	217	336	348	351	465	509	589	598	602	613	700	877	882	930	984	
598	1100.22	2454.83	98	127	142	157	217	336	348	351	465	589	597	602	613	673	700	877	882	984	
599	1623.37	5181.13	5	32	76	92	123	159	274	320	355	412	421	436	558	723	781	811	869	925	962	
600	406.598	6140.4	170	233	313	380	399	553	555	605	691	711	763	876	955	994	
601	362.651	3358.49	13	67	173	184	192	207	222	234	246	256	478	552	636	799	809	881	969	972	
602	1202.76	2528.76	47	98	127	142	157	242	336	348	351	397	465	477	589	597	598	613	645	673	700	984	
603	2550.1	5408.41	100	111	164	224	443	515	571	671	739	813	902	934	
604	766.411	4351.41	199	269	314	322	361	378	407	415	681	718	738	770	816	833	862	942	
605	632.832	6294.9	313	380	399	409	553	600	691	711	763	876	922	994	
606	2657.58	7279.12	161	194	297	301	367	466	479	614	675	924	947	
607	1459.12	6003.98	20	109	143	149	210	280	293	482	519	528	535	538	657	669	706	752	821	848	849	875	935	
608	777.032	1673.18	45	145	330	385	517	524	563	567	623	641	729	831	858	907	973	981	998	
609	553.728	4659.49	73	87	269	314	444	458	507	541	575	643	718	741	895	898	987	
610	602.893	5501.11	43	63	116	206	229	387	408	505	531	742	846	864	901	954	
611	2994.69	641.346	84	171	426	439	446	564	576	787	814	819	974	
612	2856.72	6942.2	161	301	367	418	534	569	730	768	834	861	890	
613	1082.09	2643.44	61	127	217	242	243	311	336	348	351	465	477	589	597	598	602	673	700	761	853	
614	2693.01	7242.96	161	194	297	301	367	418	466	534	606	675	790	924	947	
615	1065.61	5939.66	15	81	118	135	143	156	210	295	354	424	461	528	529	538	549	581	652	780	821	852	863	978	
616	22.3395	1948.99	440	523	743	754	
617	2632.59	1383.18	74	139	144	251	340	365	394	414	495	497	533	759	883	
618	1290.84	5663.17	118	143	149	156	210	271	424	461	538	674	706	723	821	849	863	913	919	943	
619	1222.45	4710.07	1	33	42	101	225	230	270	288	342	383	405	422	434	486	572	628	704	738	755	826	894	991	
620	2277.08	3833.66	50	129	198	200	214	376	530	591	593	667	708	818	854	903	909	964	
621	2251.35	1889.48	35	305	493	676	679	680	692	699	746	786	794	837	997	
622	1409.22	63.4022	183	185	188	228	333	389	456	460	740	
623	717.521	1771.14	145	330	517	524	567	608	729	858	907	973	981	
624	2963.56	4311.58	40	177	238	284	337	410	488	630	810	820	
625	1734.52	6775.57	9	315	349	386	510	542	578	632	662	713	766	773	783	850	986	
626	1611.65	3472.24	0	323	358	363	401	565	568	644	655	785	866	
627	2210.24	4982.68	132	158	226	250	312	588	642	781	812	813	
628	1287.18	4566.79	33	66	101	230	249	270	383	422	434	475	572	619	704	738	755	816	826	827	894	
629	2392.25	736.106	8	22	60	64	80	120	179	209	218	236	262	317	329	425	459	564	717	774	819	957	
630	2838.4	4532.46	27	40	177	238	240	284	291	410	488	492	624	650	810	820	829	884	995	
631	496.506	7113.18	36	48	89	105	197	341	345	350	429	433	471	473	521	543	653	660	685	689	698	734	762	910	928	
632	1437.42	6841.94	9	219	258	315	370	481	510	625	640	662	682	773	803	841	986	
633	138.615	2375.18	108	304	353	411	440	449	532	566	807	887	
634	214.24	6437.73	107	122	294	313	391	399	406	470	654	691	715	876	967	
635	1787.16	6260.34	94	293	484	519	535	657	726	752	758	848	900	935	982	
636	83.224	3218.18	90	134	137	173	419	435	463	552	601	744	824	859	881	972	
637	1956.54	718.253	120	150	179	218	255	379	721	731	782	815	872	966	
638	2232.76	3055.21	7	117	121	133	154	220	285	343	504	522	557	732	886	905	931	
639	1359.51	959.044	38	307	496	536	751	923	933	
640	1244.79	6582.61	131	195	258	315	370	372	373	448	561	562	632	662	773	803	938	950	986	993	
641	737.114	1414.08	45	282	517	527	559	563	608	651	729	831	
642	2314.62	4736.17	83	132	250	312	398	455	588	627	683	839	884	999	
643	585.04	4976.04	73	87	281	374	387	444	453	458	541	575	609	678	702	741	898	901	987	
644	1538.96	3781.7	0	65	71	299	369	565	568	626	655	690	776	785	866	
645	1495.38	2623.29	47	86	235	242	247	348	397	465	477	540	560	602	904	959	985	
646	1741.02	1313.82	57	128	130	193	248	260	364	491	574	800	
647	331.889	6791.13	31	36	55	107	122	197	294	345	391	396	406	429	457	470	471	473	543	654	660	685	689	715	716	762	967	
648	2801.14	3463.09	52	166	259	275	331	570	592	828	867	
649	2959.17	5594.96	261	400	445	515	571	733	769	948	
650	2962.74	4789.5	25	291	384	630	684	753	784	927	
651	741.6	1269.19	45	147	282	527	563	641	729	831	868	941	960	
652	1080.72	6105.38	15	81	109	118	131	135	143	156	280	295	354	409	424	528	529	538	549	561	581	615	669	780	821	852	938	993	
653	534.501	7429.5	89	268	341	433	631	698	734	749	910	928	
654	283.09	6704.61	31	55	107	122	197	294	391	396	406	429	457	470	471	543	634	647	660	685	689	715	716	762	967	
655	1382.31	3515.73	0	168	241	286	363	401	568	626	644	785	806	965	
656	12.4516	1234.86	28	82	95	174	204	212	267	296	586	590	
657	1645.8	6030.3	20	216	293	482	484	519	528	535	607	635	706	752	848	849	875	935	
658	917.478	201.651	72	188	237	264	279	427	456	498	511	545	668	688	697	765	793	823	918	968	
659	1775.35	7423.09	18	78	273	278	416	805	878	952	
660	562.792	6829.81	31	36	48	105	122	197	231	276	283	345	396	429	471	473	521	543	631	647	654	685	689	715	762	817	843	958	
661	2449.66	2242.19	6	153	169	191	338	377	469	493	676	680	747	847	899	937	970	997	
662	1425.89	6773.96	9	195	258	315	370	373	448	481	510	625	632	640	773	783	803	950	986	
663	2298.04	1401.72	54	57	139	162	193	213	239	277	340	365	366	371	414	447	497	679	699	759	786	825	888	
664	150.151	911.206	24	212	267	319	325	464	796	865	975	
665	925.626	6678.75	195	231	276	283	373	537	562	594	803	817	843	958	
666	522.141	2697.91	254	347	356	382	442	532	735	777	988	
667	2460.65	3801.39	14	50	58	129	198	214	530	570	591	593	620	708	736	822	828	909	964	
668	1142.06	324.335	72	104	188	201	306	335	427	456	658	823	836	968	
669	1340.65	6233.56	15	20	94	109	131	280	372	448	528	529	535	561	607	652	726	752	938	950	993	
670	257.271	158.391	4	102	119	165	187	189	208	432	494	760	772	845	880	
671	2559.25	5517.59	100	111	164	224	388	443	515	571	603	733	739	902	934	936	
672	1725.55	1703.16	19	26	68	263	491	544	579	692	794	
673	1089.05	2783.75	53	61	242	243	311	336	347	348	351	357	477	589	598	602	613	696	761	830	853	908	946	
674	1578.51	5559.48	92	149	271	412	482	506	618	706	723	919	943	962	
675	2702.72	7286.9	161	194	297	301	367	466	534	606	614	
676	2153.39	2126.15	35	153	493	514	621	661	680	746	747	832	837	899	937	970	997	
677	1907.38	4077.43	71	190	200	289	308	352	369	376	402	431	502	516	548	585	690	854	891	
678	262.032	5020.68	30	155	253	359	458	507	575	643	702	714	898	901	
679	2214.91	1669.06	26	35	54	193	213	239	277	305	340	621	663	680	692	699	746	759	786	794	837	
680	2365.34	1957.23	35	175	305	462	493	621	661	676	679	746	837	997	
681	463.82	4310.21	199	252	314	361	417	428	508	604	750	775	802	808	844	895	916	
682	1222.54	7064.2	9	219	339	481	518	537	632	701	764	841	945	
683	2412.58	4718.09	27	83	132	291	312	390	455	492	588	642	839	884	927	999	
684	2984.07	4876.02	25	203	291	384	650	753	784	
685	323.832	6888.64	31	36	55	122	197	294	345	350	396	429	457	470	471	473	543	631	647	654	660	689	715	716	762	
686	196.02	7486.95	41	46	89	176	205	344	433	734	928	953	
687	757.164	2337.18	16	37	157	160	217	336	356	392	509	556	735	877	882	
688	686.3	93.3866	72	187	189	264	279	427	498	511	658	697	765	772	793	823	880	918	
689	289.407	6882	36	55	122	197	294	345	350	396	429	457	470	471	473	543	631	647	654	660	685	715	716	762	
690	1799.16	3921.32	65	71	190	200	289	308	369	402	431	502	516	548	565	644	677	785	838	854	
691	382.336	6326.94	107	122	313	380	391	399	406	470	553	600	605	634	715	876	967	994	
692	1949.22	1757.41	19	26	35	54	68	277	514	544	621	672	679	699	746	794	837	
693	1114.14	659.658	104	201	307	335	500	536	545	724	751	851	968	976	
694	1962.03	84.2311	12	151	186	215	389	577	788	840	871	996	
695	1996.55	2614.83	34	114	152	153	232	324	513	526	560	720	
696	1170.81	3042.85	61	70	242	309	357	477	673	761	830	853	908	946	
697	592.914	219.275	4	72	102	119	178	187	189	208	264	279	427	494	498	511	658	688	760	765	772	789	793	880	918	
698	737.388	7211.37	36	48	105	125	268	341	473	521	537	631	653	701	749	764	910	
699	2159.79	1676.84	26	35	54	68	193	213	277	340	621	663	679	692	746	759	786	794	837	
700	1166.78	2432.86	98	127	142	157	217	336	348	351	397	465	589	597	598	602	613	882	984	
701	1026.8	7199.01	125	219	268	339	537	682	698	748	749	764	945	
702	483.871	5180.21	30	43	63	155	359	374	387	408	453	458	541	575	643	678	741	742	898	901	
703	936.796	3644.83	103	168	180	182	227	241	286	360	395	450	452	474	503	554	806	965	
704	1041.08	4684.44	101	225	230	281	288	322	378	383	405	434	486	619	628	718	738	755	816	862	894	
705	2063.11	6578.04	146	148	349	386	393	542	583	713	766	850	900	
706	1425.06	5821.56	20	118	143	149	156	210	271	482	506	519	528	538	607	618	657	674	752	821	849	875	919	943	
707	923.612	5599.99	43	156	206	424	461	505	531	581	595	780	863	864	954	
708	2432.45	3982.44	14	58	198	214	318	530	591	593	620	667	722	736	818	822	903	909	949	
709	2909.91	2567.22	29	115	163	300	469	480	489	525	584	870	
710	582.293	916.929	24	59	147	310	319	325	539	546	865	868	889	941	975	
711	650.227	6057.08	81	135	233	313	354	380	399	409	549	553	581	600	605	763	780	852	922	955	978	994	
712	1134.83	1782.59	51	91	221	272	298	327	385	467	524	551	771	804	860	911	998	
713	1926.05	6684.24	146	148	349	386	542	578	625	705	766	783	850	
714	84.048	4884.49	155	253	359	458	507	678	939	951	
715	358.257	6633.66	31	107	122	197	294	391	396	406	429	457	470	471	543	634	647	654	660	685	689	691	762	876	967	
716	94.3937	6839.88	55	294	345	391	457	470	543	647	654	685	689	
717	2586.08	516.144	8	64	80	209	236	262	265	317	426	446	564	576	629	774	797	814	819	835	926	961	974	
718	849.178	4651.71	73	87	101	225	230	269	281	314	322	405	434	604	609	704	738	816	862	987	
719	2152.56	3406.55	117	154	302	504	557	732	931	992	
720	1779.93	2425.53	47	114	152	232	257	324	540	560	695	904	959	
721	1819.85	673.162	150	179	255	379	637	731	782	815	872	897	966	
722	2645.41	4215.67	27	40	177	238	240	284	318	390	410	591	708	736	810	818	820	829	995	
723	1529.25	5459.23	92	149	271	320	412	506	599	618	674	811	869	913	919	943	962	
724	928.922	731.529	59	110	147	237	307	335	500	536	545	546	573	693	851	889	941	976	
725	2727.71	924.94	22	74	84	144	171	251	262	316	317	329	334	446	533	564	576	787	814	819	974	979	
726	1523.03	6392.41	94	109	258	280	315	370	372	448	535	635	669	758	773	935	950	986	
727	277.596	5610.98	3	63	116	170	229	408	441	501	547	846	
728	1669.24	4462.19	33	66	249	270	289	368	431	472	475	516	572	826	891	
729	669.82	1527.83	45	145	282	330	517	527	559	563	567	608	623	641	651	831	907	
730	2623.71	6750.62	113	287	301	332	418	569	596	612	768	790	834	861	890	947	
731	1757.77	839.106	17	130	150	248	255	364	379	496	637	721	782	872	966	
732	2014.77	3113.12	117	121	154	220	323	343	504	557	638	719	931	
733	2731.74	5738.47	85	111	164	261	328	388	400	443	445	499	587	649	671	737	739	769	915	934	936	971	
734	363.75	7236.09	36	41	46	89	176	344	345	350	433	473	631	653	686	910	928	953	
735	552.629	2386.62	16	37	160	217	304	356	411	449	532	556	566	666	687	877	887	
736	2736.41	3939.18	14	58	177	337	667	708	722	822	873	896	
737	2563.46	6014.74	85	111	245	328	388	413	483	499	512	550	587	733	801	842	879	915	936	971	
738	992.92	4481.87	101	230	269	314	322	378	405	407	415	434	604	619	628	704	718	757	770	816	827	862	942	
739	2495.99	5554.9	100	111	138	164	224	388	443	485	603	671	733	842	902	934	936	
740	1608.45	107.12	183	185	215	228	333	389	460	622	871	996	
741	594.653	4904.63	73	87	281	374	444	453	458	541	575	609	643	702	898	901	987	
742	527.909	5306.33	43	63	116	229	374	387	408	505	610	702	901	
743	73.5191	1688.06	10	28	39	95	174	523	616	920	
744	29.664	3539.54	23	137	192	222	246	256	375	636	799	809	
745	624.958	3122.04	13	53	67	70	106	134	173	184	207	234	346	382	478	830	914	
746	2061.01	1898.17	19	26	35	54	68	277	514	621	676	679	680	692	699	794	832	837	997	
747	2201.73	2342.91	6	152	153	169	191	324	377	493	526	661	676	832	899	937	970	
748	1019.29	7441.4	125	268	339	487	701	749	764	945	
749	787.835	7311.4	125	268	341	521	653	698	701	748	764	910	
750	443.495	4190.27	199	252	292	361	417	428	508	681	756	775	802	808	844	895	916	
751	1379.1	644.78	104	201	306	307	335	496	639	693	836	897	977	
752	1588.03	6019.09	20	210	216	280	293	482	484	519	528	535	607	635	657	669	706	848	849	875	935	943	
753	2891.23	4997.1	25	203	291	384	650	684	784	906	927	
754	344.615	1919.92	10	16	37	39	160	304	330	523	616	858	920	
755	1214.03	4834.13	1	5	32	33	42	101	123	225	230	274	288	342	383	405	421	422	434	486	619	628	704	767	894	925	991	
756	484.329	3884.01	180	192	252	256	292	361	417	508	750	775	792	802	808	855	856	929	
757	1131.81	4224.6	2	56	66	77	124	322	378	407	415	450	738	770	816	827	862	942	989	
758	1684.9	6376.61	94	293	315	372	386	448	519	535	635	726	773	935	950	
759	2326.88	1497.85	54	139	162	213	239	277	340	365	366	414	497	617	663	679	699	786	888	
760	315.409	144.2	4	102	119	187	189	208	432	494	670	697	772	845	880	
761	1185.64	2884.23	61	242	311	357	477	613	673	696	830	853	908	946	
762	444.685	6838.05	31	36	48	105	122	197	294	345	350	396	429	457	470	471	473	521	543	631	647	654	660	685	689	715	958	
763	627.43	5990.25	81	135	170	206	233	313	354	380	399	409	549	553	581	600	605	711	780	852	864	955	978	994	
764	1043.37	7184.36	125	219	339	537	682	698	701	748	749	945	
765	672.109	226.142	4	72	102	178	187	189	208	237	264	279	427	498	511	658	688	697	789	793	823	918	
766	1848.05	6692.71	146	148	349	386	542	578	625	705	713	773	783	850	
767	967.467	5038.99	1	136	225	281	288	374	383	405	453	486	490	755	944	956	
768	2856.17	6630.68	181	287	332	418	569	596	612	730	834	890	
769	2994.42	5561.54	261	400	445	515	571	649	733	948	
770	920.866	4250.92	124	199	269	314	322	361	378	407	415	503	604	738	757	816	827	833	862	942	989	
771	1167.7	1541.11	45	91	99	298	327	385	451	467	551	712	831	857	860	911	998	
772	413.831	7.55333	102	119	187	189	279	494	511	670	688	697	760	880	918	
773	1553.7	6650.59	9	94	258	315	370	372	386	448	510	578	625	632	640	662	726	758	766	783	950	986	
774	2425.21	742.515	8	22	60	64	80	120	179	209	218	236	262	317	329	334	425	459	564	629	717	819	957	
775	420.148	4046.07	252	292	361	417	428	508	520	681	750	756	792	802	808	844	855	856	929	
776	1469.65	4078.57	0	2	56	65	66	71	77	289	299	308	369	431	516	644	
777	339.946	2779.17	90	134	173	254	326	442	478	532	666	824	988	
778	2167.03	5502.49	44	62	96	126	138	202	224	485	
779	2066.04	5923.64	49	62	96	97	202	211	216	223	244	484	485	801	842	848	879	900	982	990	
780	866.024	5874.43	81	118	135	143	156	206	233	295	354	409	424	461	529	531	549	581	615	652	707	711	763	821	852	863	864	954	978	
781	1896.11	5022.74	76	158	250	290	355	436	558	599	627	940	
782	1680.41	843.913	130	248	255	364	379	496	637	721	731	872	
783	1747.34	6722.92	315	349	386	510	542	578	625	662	713	766	773	850	950	986	
784	2905.79	4911.95	25	203	291	384	650	684	753	906	927	
785	1657.8	3696.33	0	65	71	190	299	358	369	402	502	548	565	568	626	644	655	690	838	866	
786	2285.87	1618.7	26	54	213	239	277	305	340	621	663	679	699	759	837	
787	2934.81	716.651	64	84	171	262	316	426	439	446	564	576	611	725	814	819	974	979	
788	2097.9	96.3622	12	151	186	215	266	454	577	694	798	840	871	
789	668.538	494.858	4	59	72	110	178	187	208	237	264	427	511	539	545	697	765	793	889	918	
790	2524	6966	88	112	113	161	301	332	367	418	479	569	614	730	861	924	947	
791	2829.89	134.816	69	404	797	885	892	926	961	
792	279.244	3815.35	23	192	222	246	252	256	375	520	756	775	799	802	808	809	855	856	929	
793	669.729	318.613	4	72	102	110	178	187	189	208	237	264	279	427	498	511	545	658	688	697	765	789	889	918	
794	1964.14	1745.96	19	26	35	54	68	193	277	514	621	672	679	692	699	746	837	
795	2642.11	3081.99	7	11	79	93	140	166	259	275	285	321	420	438	468	522	592	867	905	912	
796	110.05	715.506	212	319	325	464	664	845	865	975	
797	2565.02	286.111	64	69	80	209	236	265	266	404	426	454	717	791	798	835	892	926	961	
798	2387.77	166.173	69	151	186	266	404	454	577	788	797	835	840	892	926	
799	241.798	3647.57	23	137	192	222	246	256	375	601	744	792	809	855	856	929	
800	1945.46	1171.91	17	57	128	130	162	193	248	255	364	366	371	447	574	646	825	
801	2260.23	5936.46	49	62	96	97	202	211	223	245	328	485	550	737	779	842	879	936	990	
802	347.453	4088.64	252	417	428	508	520	681	750	756	775	792	808	844	855	856	929	
803	1186.93	6698.89	131	195	258	370	373	481	562	632	640	662	665	986	
804	1081.09	1940.29	51	157	221	272	392	467	509	524	712	860	930	981	998	
805	1878.63	7117.07	18	273	278	303	416	423	430	542	578	580	659	878	952	
806	1100.13	3529.47	103	168	182	227	241	286	309	360	395	401	452	474	554	568	655	703	965	
807	125.797	2363.96	108	304	353	411	440	449	532	566	633	887	
808	374.737	4000.29	252	292	361	417	428	508	520	681	750	756	775	792	802	844	855	856	929	
809	350.383	3561.05	23	137	184	192	207	222	234	246	256	375	601	744	792	799	855	856	929	969	972	
810	2915.77	4345	40	177	238	284	337	410	488	492	624	630	722	820	829	995	
811	1574.21	5202.41	5	32	76	92	123	159	274	320	412	421	436	476	558	599	723	869	925	962	
812	2242.1	5083.85	132	158	226	250	312	627	813	
813	2377.7	5149.54	132	226	250	312	603	627	812	902	906	
814	2760.95	603.809	64	80	84	209	236	262	265	317	329	426	439	446	564	576	611	717	725	787	819	926	961	974	
815	2067.87	561.235	12	120	150	179	218	637	721	835	872	966	
816	1027.89	4392.38	101	124	269	314	322	378	407	415	434	604	628	704	718	738	757	770	827	862	942	989	
817	773.919	6863.69	31	36	48	105	197	231	276	283	396	429	471	473	521	537	660	665	843	958	
818	2357.55	4147.47	83	198	214	318	352	376	390	398	530	585	591	593	620	708	722	829	903	949	
819	2689.63	621.662	8	64	80	84	209	236	262	265	317	329	426	439	446	564	576	611	629	717	725	774	787	814	926	961	974	
820	2751.98	4501.1	27	40	177	238	240	284	318	390	410	488	492	624	630	722	810	829	884	995	
821	1179.6	5922.96	15	81	118	135	143	149	156	210	280	295	424	461	528	529	538	549	581	607	615	618	652	706	780	849	852	863	
822	2616.38	3838.69	14	58	129	214	530	570	667	708	736	828	873	964	
823	972.045	129.551	72	188	264	279	427	456	498	658	668	688	765	918	968	
824	230.628	2950.61	90	134	173	254	326	419	435	442	463	478	552	636	777	859	881	988	
825	2151.37	1111.48	17	57	60	162	213	239	255	334	366	371	447	459	663	800	888	957	966	
826	1445.57	4497.44	33	66	249	270	368	422	475	572	619	628	728	827	894	
827	1174.57	4317.07	2	56	66	101	124	322	378	407	434	628	738	757	770	816	826	862	942	989	
828	2572.44	3526.72	58	129	166	259	275	570	648	667	822	867	964	992	
829	2626.91	4292.35	27	40	83	177	238	240	284	318	390	410	492	630	722	810	818	820	995	
830	934.324	3022.71	53	61	70	106	243	309	311	346	347	357	382	673	696	745	761	853	908	946	
831	936.064	1508.61	45	99	282	298	327	385	467	551	563	608	641	651	729	771	857	998	
832	2049.2	2226.17	35	152	153	257	324	514	676	746	747	899	970	997	
833	765.221	4106.72	180	199	292	361	407	415	417	503	604	770	862	942	989	
834	2911.47	6704.61	287	418	569	596	612	730	768	890	
835	2301.8	417.035	8	12	179	209	236	266	454	717	797	798	815	840	
836	1342.66	412	104	183	201	306	307	335	456	668	751	897	968	977	
837	2161.26	1865.44	26	35	54	68	277	305	514	621	676	679	680	692	699	746	786	794	997	
838	1878.99	3720.59	50	65	190	200	302	358	402	502	548	565	690	785	854	866	
839	2126.01	4625.39	83	132	167	398	455	472	585	588	642	683	999	
840	2164.92	155.416	12	151	186	215	266	454	577	694	788	798	835	871	
841	1435.5	7122.79	9	78	219	278	339	481	510	518	632	682	878	945	
842	2320.84	5823.39	49	62	96	111	138	164	202	211	223	224	245	328	388	485	550	737	739	779	801	879	915	936	971	990	
843	849.269	6756.57	31	48	105	195	197	231	276	283	429	521	537	594	660	665	817	958	
844	254.891	4263.74	252	417	428	508	681	750	775	802	808	895	916	
845	199.225	440.84	4	102	119	165	178	208	319	325	432	464	494	670	760	796	
846	386.181	5711.23	3	63	116	170	229	233	441	501	547	610	727	864	955	
847	2651.08	2331.23	169	191	196	300	338	377	469	489	661	870	937	
848	1749.44	5998.49	20	216	223	244	293	482	484	506	519	535	607	635	657	752	779	875	935	
849	1394.02	5841.7	20	118	143	149	156	210	271	482	519	528	538	607	618	657	706	752	821	875	919	943	
850	1948.39	6590.85	146	148	349	386	542	578	625	705	713	766	783	
851	976.44	813.242	59	147	307	335	500	536	546	573	693	724	889	941	960	976	
852	929.014	5979.49	15	81	118	135	143	156	206	295	354	409	424	461	529	549	581	615	652	711	763	780	821	978	
853	1006.84	2944.65	53	61	70	242	243	309	311	346	347	357	382	477	613	673	696	761	830	908	946	
854	2038.3	3924.07	50	190	198	200	308	352	376	402	502	530	548	593	620	677	690	838	903	909	
855	439.009	3840.75	192	222	252	256	292	361	417	508	756	775	792	799	802	808	809	856	929	
856	339.488	3775.75	23	192	222	246	252	256	375	520	756	775	792	799	802	808	809	855	929	
857	1159.73	1293.22	38	45	91	99	260	298	327	385	451	551	771	831	923	933	960	
858	652.699	1864.3	37	39	145	160	330	517	524	567	608	623	754	907	973	981	
859	98.056	3147.22	90	134	173	419	435	463	552	636	824	881	972	988	
860	1287.55	1686.45	91	298	327	385	467	551	579	712	771	804	911	998	
861	2574.82	6868.72	113	161	301	332	367	418	569	612	730	790	890	924	947	
862	938.719	4378.64	101	124	199	269	314	322	378	407	415	434	604	704	718	738	757	770	816	827	833	942	989	
863	1110.93	5667.97	118	135	143	149	156	210	271	295	424	461	538	581	595	615	618	707	780	821	
864	712.21	5706.43	43	63	116	206	233	461	505	531	549	581	610	707	763	780	846	954	978	
865	413.831	790.582	24	110	310	319	325	464	539	664	710	796	975	
866	1751.46	3558.99	0	190	302	358	502	565	626	644	785	838	
867	2760.22	3335.83	11	52	140	166	172	259	275	321	331	420	570	592	648	795	828	
868	430.86	1179.92	28	82	204	267	282	310	527	559	563	586	651	710	975	
869	1493.45	5207.22	5	32	92	123	159	274	320	412	421	436	476	599	723	811	913	925	991	
870	2588	2619.86	6	29	79	93	115	133	169	191	338	377	438	469	480	513	526	709	847	917	921	
871	1856.2	63.4022	12	151	185	186	215	228	389	460	577	694	740	788	840	996	
872	1760.06	644.551	150	255	379	637	721	731	782	815	897	977	
873	2874.66	3869.37	14	58	337	736	822	896	
874	2896.08	6084.55	85	181	261	362	400	413	483	499	512	587	971	
875	1514.42	5913.11	20	149	210	216	293	482	506	519	528	535	538	607	657	706	752	848	849	919	943	
876	511.887	6358.53	107	122	313	380	399	406	553	600	605	634	691	715	922	967	994	
877	827.662	2395.55	157	217	336	356	392	509	556	589	597	598	687	735	882	
878	1757.59	7157.12	18	78	273	278	303	416	423	430	510	659	805	841	952	
879	2307.66	5953.86	49	85	97	202	211	223	245	328	388	485	550	737	779	801	842	936	971	990	
880	365.215	18.3111	102	119	189	208	494	670	688	697	760	772	
881	172.216	3223.44	90	134	137	173	234	419	435	463	552	601	636	824	859	972	988	
882	947.142	2283.62	51	98	127	157	217	221	272	336	351	356	392	509	556	597	598	687	700	877	984	
883	2793.45	1306.5	21	74	139	144	251	316	365	394	414	495	497	533	617	
884	2611.53	4663.38	27	83	132	240	291	312	390	492	630	642	683	820	927	995	
885	2991.94	246.742	426	439	791	961	
886	2365.79	2900.48	7	11	79	93	117	121	133	220	285	343	438	468	513	522	638	905	912	917	921	931	
887	416.303	2376.78	16	37	108	160	304	411	440	449	532	556	566	633	735	807	
888	2275.8	1266.44	57	60	139	162	193	213	239	334	340	365	366	371	414	447	663	759	825	957	
889	724.296	643.635	59	72	110	178	237	500	539	545	546	710	724	789	793	851	976	
890	2849.39	6869.41	301	332	367	418	534	569	612	730	768	834	861	
891	1785.61	4274.73	71	167	249	289	308	352	368	369	431	472	475	516	585	677	728	
892	2613.18	14.6489	69	266	404	791	797	798	926	
893	2625.45	6389.2	113	181	287	413	512	596	932	
894	1352.28	4599.98	33	42	66	101	230	249	270	342	383	422	475	572	582	619	628	704	755	826	
895	326.853	4421.22	417	428	444	507	508	609	681	750	844	916	951	
896	2979.67	3775.52	14	337	736	873	
897	1610.28	455.718	104	183	201	306	389	721	751	836	872	977	
898	506.027	4861.83	73	87	281	444	458	507	541	575	609	643	678	702	741	987	
899	2310.22	2344.51	6	153	169	191	338	377	493	526	661	676	747	832	937	970	
900	2078.22	6250.72	49	97	146	148	393	484	635	705	779	982	
901	466.933	5204.02	30	43	63	155	359	374	387	408	458	541	575	610	643	678	702	741	742	
902	2553.21	5280.92	100	203	224	226	312	443	515	571	603	671	739	813	906	934	
903	2252.08	4161.89	83	198	214	318	352	376	390	398	530	585	591	593	620	708	818	854	949	
904	1579.97	2318.19	47	142	257	397	465	540	560	645	720	959	
905	2446.91	2956.33	7	11	79	93	117	121	133	220	275	285	343	438	468	513	522	638	795	886	912	917	921	931	
906	2655.02	5026.4	25	203	291	312	384	753	784	813	902	927	
907	692.526	1749.4	39	145	330	517	524	567	608	623	729	858	973	981	
908	1120.46	3062.53	53	61	70	309	311	346	357	477	673	696	761	830	853	946	
909	2229.74	3762.93	50	129	198	200	214	302	530	593	620	667	708	854	964	
910	576.067	7182.99	36	48	89	105	125	197	341	345	350	433	473	521	631	653	698	734	749	928	
911	1348.06	1599.25	91	99	260	263	298	327	385	467	551	579	712	771	860	998	
912	2670.4	2990.2	7	11	79	93	133	140	166	172	275	285	321	420	438	468	522	525	795	886	905	917	
913	1262.92	5351.42	5	32	159	271	274	320	412	421	476	490	595	618	723	869	956	
914	742.424	3311.33	13	67	70	106	182	184	207	234	309	346	360	395	474	554	745	969	
915	2638.54	5865.96	85	111	164	245	261	328	388	400	499	587	733	737	842	936	971	
916	281.716	4434.72	428	444	507	508	681	750	844	895	939	951	
917	2476.76	2765.89	6	7	11	29	79	93	133	191	338	377	438	468	513	522	526	870	886	905	912	921	
918	675.13	196.844	4	72	102	178	187	189	208	237	264	279	427	498	511	658	688	697	765	772	789	793	823	
919	1589.59	5596.1	92	149	271	412	482	506	618	674	706	723	849	875	943	962	
920	209.387	1648.23	10	28	39	82	95	174	523	559	743	754	
921	2374.22	2693.79	6	7	29	79	93	133	169	191	338	377	513	522	526	870	886	905	917	
922	799.005	6284.83	81	354	380	399	409	549	553	561	562	594	605	711	876	938	978	
923	1110.02	1151.54	38	99	147	451	536	546	573	639	857	933	941	960	
924	2406.63	7080.68	88	112	161	297	301	367	479	580	606	614	790	861	947	
925	1495.65	4978.1	1	5	32	42	123	159	270	274	290	342	355	421	422	582	599	755	811	869	940	991	
926	2626.09	302.82	64	69	80	209	236	265	266	404	426	717	791	797	798	814	819	892	961	
927	2644.49	4814.45	25	27	132	291	312	384	492	650	683	753	784	884	906	995	
928	396.161	7347.1	41	89	341	345	350	433	631	653	686	734	910	953	
929	258.736	3820.15	23	192	222	246	252	256	375	520	756	775	792	799	802	808	809	855	856	980	
930	1314.1	2072.82	98	142	157	221	465	579	597	804	984	
931	2199.99	3083.13	7	117	121	154	220	285	343	504	522	557	638	719	732	886	905	
932	2517.04	6380.96	113	287	393	413	512	550	583	596	893	
933	1173.56	1167.1	38	99	260	451	536	573	639	857	923	941	960	
934	2600.82	5507.29	100	111	164	224	388	443	515	571	603	671	733	739	902	936	
935	1748.99	6154.13	20	94	216	293	484	519	535	607	635	657	726	752	758	848	982	
936	2544.79	5776.92	85	100	111	164	224	245	328	388	400	485	587	671	733	737	739	801	842	879	915	934	971	
937	2431.81	2289.12	6	153	169	191	338	377	469	493	526	661	676	747	847	899	970	997	
938	1111.3	6296.27	15	81	109	131	280	373	529	561	562	594	640	652	669	922	993	
939	6.68355	4592.43	507	714	916	951	
940	1688.01	4820.17	33	123	270	290	355	368	422	572	582	781	925	
941	872.158	1041.9	147	282	500	536	546	573	651	710	724	851	923	933	960	
942	1042.91	4279.76	2	101	124	269	322	378	407	415	434	604	738	757	770	816	827	833	862	989	
943	1582.9	5689.26	20	149	210	216	271	482	506	618	674	706	723	752	849	875	919	
944	959.593	5201.96	136	288	374	453	476	486	490	505	595	767	956	
945	1320.32	7318.72	78	219	278	339	487	518	682	701	748	764	841	
946	1222.91	3008.51	61	242	309	357	381	477	673	696	761	830	853	908	
947	2509.9	7006.06	88	112	161	301	332	367	418	479	606	614	730	790	861	924	
948	2922.36	5425.58	203	443	445	515	571	649	769	
949	2303.08	4188.67	83	198	214	318	352	376	390	398	530	585	591	593	708	818	903	
950	1542.53	6491.97	94	258	315	370	372	386	448	535	640	662	669	726	758	773	783	986	
951	144.2	4607.07	444	507	714	895	916	939	
952	1810.33	7396.77	18	78	141	273	278	416	659	805	878	
953	138.798	7223.27	41	46	55	89	176	205	344	345	350	433	686	734	928	
954	765.404	5633.41	43	63	206	233	424	461	505	531	581	595	610	707	780	864	978	
955	444.685	5980.18	3	170	233	313	380	399	553	555	600	711	763	846	994	
956	1025.15	5203.56	1	32	136	159	288	320	374	421	453	476	486	490	595	767	913	944	
957	2402.23	1009.17	22	60	74	120	139	162	317	329	334	365	371	414	425	459	629	774	825	888	
958	711.203	6854.08	31	36	48	105	197	231	276	283	396	429	471	473	521	537	660	665	762	817	843	
959	1624.2	2643.67	47	86	114	232	235	247	348	397	540	560	645	720	904	985	
960	1006.84	1083.56	38	99	147	451	500	536	546	573	651	851	857	923	933	941	
961	2763.79	350.887	64	69	80	236	265	404	426	439	446	576	717	791	797	814	819	885	926	
962	1814.26	5402.23	44	76	92	126	158	436	506	558	599	674	723	811	919	
963	2177.37	7440.95	141	423	479	
964	2479.87	3577.53	58	129	259	570	620	667	822	828	909	992	
965	1205.05	3658.33	0	77	103	168	241	286	299	395	450	452	554	568	655	703	806	
966	2056.98	852.611	17	60	120	130	150	179	218	248	255	371	379	425	459	637	721	731	815	825	
967	282.632	6523.33	107	122	294	391	396	399	406	457	470	543	634	647	654	691	715	876	
968	1074.22	371.258	72	104	188	201	237	264	335	427	456	545	658	668	693	823	836	976	
969	608.478	3522.83	13	67	106	180	184	192	207	222	227	234	360	395	474	554	601	809	914	
970	2278.73	2291.41	6	153	169	191	377	493	526	661	676	747	832	899	937	997	
971	2580.03	6019.78	85	111	245	328	388	400	413	483	499	512	550	587	733	737	842	874	879	915	936	
972	322.001	3325.53	13	67	134	137	173	184	192	207	222	234	246	419	435	478	552	601	636	809	859	881	
973	721.915	1981.26	37	51	145	160	272	330	392	509	524	556	567	608	623	858	907	981	
974	2859.28	688.726	64	80	84	171	262	265	329	426	439	446	564	576	611	717	725	787	814	819	979	
975	322.733	894.269	24	212	267	310	319	325	464	664	710	796	865	868	
976	1027.89	691.702	59	237	307	335	500	536	545	546	573	693	724	851	889	968	
977	1498.86	467.849	104	183	201	306	751	836	872	897	
978	777.215	5960.26	81	135	206	233	295	354	409	424	549	553	581	615	711	763	780	852	864	922	954	994	
979	2905.51	991.317	21	74	84	144	171	251	262	316	533	725	787	974	
980	15.3813	4017.46	520	929	
981	812.738	1951.28	51	145	160	221	272	330	392	509	524	556	567	608	623	804	858	907	973	
982	2044.07	6214.1	49	97	146	223	393	484	635	779	900	935	
983	2765.89	1767.71	175	403	462	
984	1248.36	2237.16	98	127	142	157	221	351	465	597	598	602	700	882	930	
985	1547.47	2762.23	47	86	114	235	242	247	348	397	477	560	645	959	
986	1512.22	6687.44	9	94	258	315	370	372	386	448	481	510	578	625	632	640	662	726	773	783	803	950	
987	662.404	4712.59	73	87	269	281	314	405	444	541	575	609	643	718	741	898	
988	326.395	2952.67	90	134	173	254	326	419	435	442	463	478	552	666	777	824	859	881	
989	1061.86	4106.72	2	77	124	322	378	407	415	450	452	503	757	770	816	827	833	862	942	
990	2058.99	5869.17	44	49	62	96	202	211	216	223	244	484	485	779	801	842	879	
991	1326.73	4954.76	1	5	32	42	123	159	225	230	274	288	342	383	421	422	476	486	582	619	755	869	925	
992	2356.55	3398.54	117	129	259	275	285	302	504	570	719	828	964	
993	1144.99	6310.01	15	81	109	131	280	370	372	373	529	561	562	594	640	652	669	938	
994	490.555	6057.77	3	170	233	313	380	399	409	553	600	605	691	711	763	876	955	978	
995	2653.28	4489.2	27	40	83	177	240	284	318	390	410	488	492	630	722	810	820	829	884	927	
996	1747.89	121.082	12	151	183	185	215	228	389	460	694	740	871	
997	2288.71	2002.78	35	305	493	621	661	676	680	746	832	837	937	970	
998	1088.32	1702.02	45	51	91	99	221	298	327	385	467	524	551	608	712	771	804	831	860	911	
999	2256.39	4562.67	83	132	167	390	398	455	472	585	588	642	683	839	
